<?xml version="1.0" encoding="UTF-8"?>
<!-- Generated by org.testng.reporters.JUnitXMLReporter -->
<testsuite hostname="SILICUS253" name="AlliantgroupSurvey_TestCase" tests="7" failures="0" timestamp="9 Jan 2018 13:13:58 GMT" time="109.829" errors="0">
  <testcase name="loginwithValidInfo" time="8.949" classname="testClasses.LoginPageTest"/>
  <testcase name="openSurveyTemplates" time="6.082" classname="testClasses.CreateSurveyTemplateTest"/>
  <testcase name="createNewSurveyTemplate" time="7.156" classname="testClasses.CreateSurveyTemplateTest"/>
  <testcase name="mapDocumentForTemplate" time="9.798" classname="testClasses.CreateSurveyTemplateTest"/>
  <testcase name="selectClientsForTemplate" time="5.837" classname="testClasses.CreateSurveyTemplateTest"/>
  <testcase name="navigateToSurveyPage" time="25.943" classname="testClasses.SurveyTest"/>
  <testcase name="completeSurvey" time="11.447" classname="testClasses.SurveyTest"/>
</testsuite> <!-- AlliantgroupSurvey_TestCase -->
