<?xml version="1.0" encoding="UTF-8"?>
<!-- Generated by org.testng.reporters.JUnitXMLReporter -->
<testsuite hostname="SILICUS253" name="LoginPage_TestCase" tests="7" failures="0" timestamp="9 Jan 2018 08:43:24 GMT" time="83.683" errors="0">
  <testcase name="loginwithValidInfo" time="3.005" classname="testClasses.LoginPageTest"/>
  <testcase name="openSurveyTemplates" time="4.303" classname="testClasses.CreateSurveyTemplateTest"/>
  <testcase name="createNewSurveyTemplate" time="7.506" classname="testClasses.CreateSurveyTemplateTest"/>
  <testcase name="mapDocumentForTemplate" time="9.847" classname="testClasses.CreateSurveyTemplateTest"/>
  <testcase name="selectClientsForTemplate" time="5.605" classname="testClasses.CreateSurveyTemplateTest"/>
  <testcase name="navigateToSurveyPage" time="24.792" classname="testClasses.SurveyTest"/>
  <testcase name="completeSurvey" time="10.166" classname="testClasses.SurveyTest"/>
</testsuite> <!-- LoginPage_TestCase -->
