<?xml version="1.0" encoding="UTF-8"?>
<!-- Generated by org.testng.reporters.JUnitXMLReporter -->
<testsuite hostname="SILICUS253" name="LoginPage_TestCase" tests="4" failures="0" timestamp="21 Dec 2017 14:32:59 GMT" time="73.672" errors="0">
  <testcase name="loginwithValidInfo" time="10.339" classname="testClasses.LoginPageTest"/>
  <testcase name="openSurveyTemplates" time="9.041" classname="testClasses.CreateSurveyTemplateTest"/>
  <testcase name="createNewSurveyTemplate" time="7.297" classname="testClasses.CreateSurveyTemplateTest"/>
  <testcase name="selectClientsForTemplate" time="5.842" classname="testClasses.CreateSurveyTemplateTest"/>
</testsuite> <!-- LoginPage_TestCase -->
